dstrrpl_....................................................\bin\dos\string.obj
list_append_..................................................\bin\dos\list.obj
list_at_......................................................\bin\dos\list.obj
list_insert_..................................................\bin\dos\list.obj
list_last_....................................................\bin\dos\list.obj
list_length_..................................................\bin\dos\list.obj
list_new_.....................................................\bin\dos\list.obj
main_.........................................................\bin\dos\test.obj
stridx_.....................................................\bin\dos\string.obj
strridx_....................................................\bin\dos\string.obj
 
..\bin\dos\test.obj     Offset=00000000H
    main_
 
..\bin\dos\string.obj   Offset=00000000H
    dstrrpl_
    stridx_
    strridx_
 
..\bin\dos\list.obj     Offset=00000000H
    list_append_
    list_at_
    list_insert_
    list_last_
    list_length_
    list_new_
 
