This file contains any messages produced by compilers while
running configure, to aid debugging if configure makes a mistake.

It was created by configure, which was
generated by GNU Autoconf 2.59.  Invocation command line was

  $ ./configure 

## --------- ##
## Platform. ##
## --------- ##

hostname = MYPLACE
uname -m = i686
uname -r = 2.6.19-1.2911.6.4.fc6
uname -s = Linux
uname -v = #1 SMP Sat Feb 24 14:39:04 EST 2007

/usr/bin/uname -p = unknown
/bin/uname -X     = unknown

/bin/arch              = i686
/usr/bin/arch -k       = unknown
/usr/convex/getsysinfo = unknown
hostinfo               = unknown
/bin/machine           = unknown
/usr/bin/oslevel       = unknown
/bin/universe          = unknown

PATH: /usr/lib/qt-3.3/bin
PATH: /usr/kerberos/bin
PATH: /usr/local/bin
PATH: /bin
PATH: /usr/bin
PATH: /share/shellscript/bin


## ----------- ##
## Core tests. ##
## ----------- ##

configure:1366: checking for a BSD-compatible install
configure:1421: result: /usr/bin/install -c
configure:1432: checking whether build environment is sane
configure:1475: result: yes
configure:1540: checking for gawk
configure:1556: found /bin/gawk
configure:1566: result: gawk
configure:1576: checking whether make sets $(MAKE)
configure:1596: result: yes
configure:1766: checking whether to enable maintainer-specific portions of Makefiles
configure:1775: result: no
configure:1803: checking for style of include used by make
configure:1831: result: GNU
configure:1902: checking for gcc
configure:1918: found /usr/bin/gcc
configure:1928: result: gcc
configure:2172: checking for C compiler version
configure:2175: gcc --version </dev/null >&5
gcc (GCC) 4.1.1 20070105 (Red Hat 4.1.1-51)
Copyright (C) 2006 Free Software Foundation, Inc.
This is free software; see the source for copying conditions.  There is NO
warranty; not even for MERCHANTABILITY or FITNESS FOR A PARTICULAR PURPOSE.

configure:2178: $? = 0
configure:2180: gcc -v </dev/null >&5
Using built-in specs.
Target: i386-redhat-linux
Configured with: ../configure --prefix=/usr --mandir=/usr/share/man --infodir=/usr/share/info --enable-shared --enable-threads=posix --enable-checking=release --with-system-zlib --enable-__cxa_atexit --disable-libunwind-exceptions --enable-libgcj-multifile --enable-languages=c,c++,objc,obj-c++,java,fortran,ada --enable-java-awt=gtk --disable-dssi --enable-plugin --with-java-home=/usr/lib/jvm/java-1.4.2-gcj-1.4.2.0/jre --with-cpu=generic --host=i386-redhat-linux
Thread model: posix
gcc version 4.1.1 20070105 (Red Hat 4.1.1-51)
configure:2183: $? = 0
configure:2185: gcc -V </dev/null >&5
gcc: '-V' option must have argument
configure:2188: $? = 1
configure:2211: checking for C compiler default output file name
configure:2214: gcc    conftest.c  >&5
configure:2217: $? = 0
configure:2263: result: a.out
configure:2268: checking whether the C compiler works
configure:2274: ./a.out
configure:2277: $? = 0
configure:2294: result: yes
configure:2301: checking whether we are cross compiling
configure:2303: result: no
configure:2306: checking for suffix of executables
configure:2308: gcc -o conftest    conftest.c  >&5
configure:2311: $? = 0
configure:2336: result: 
configure:2342: checking for suffix of object files
configure:2363: gcc -c   conftest.c >&5
configure:2366: $? = 0
configure:2388: result: o
configure:2392: checking whether we are using the GNU C compiler
configure:2416: gcc -c   conftest.c >&5
configure:2422: $? = 0
configure:2426: test -z 
			 || test ! -s conftest.err
configure:2429: $? = 0
configure:2432: test -s conftest.o
configure:2435: $? = 0
configure:2448: result: yes
configure:2454: checking whether gcc accepts -g
configure:2475: gcc -c -g  conftest.c >&5
configure:2481: $? = 0
configure:2485: test -z 
			 || test ! -s conftest.err
configure:2488: $? = 0
configure:2491: test -s conftest.o
configure:2494: $? = 0
configure:2505: result: yes
configure:2522: checking for gcc option to accept ANSI C
configure:2592: gcc  -c -g -O2  conftest.c >&5
configure:2598: $? = 0
configure:2602: test -z 
			 || test ! -s conftest.err
configure:2605: $? = 0
configure:2608: test -s conftest.o
configure:2611: $? = 0
configure:2629: result: none needed
configure:2647: gcc -c -g -O2  conftest.c >&5
conftest.c:2: error: expected '=', ',', ';', 'asm' or '__attribute__' before 'me'
configure:2653: $? = 1
configure: failed program was:
| #ifndef __cplusplus
|   choke me
| #endif
configure:2788: checking dependency style of gcc
configure:2878: result: gcc3
configure:2897: checking for strerror in -lcposix
configure:2927: gcc -o conftest -g -O2   conftest.c -lcposix   >&5
/usr/bin/ld: cannot find -lcposix
collect2: ld returned 1 exit status
configure:2933: $? = 1
configure: failed program was:
| /* confdefs.h.  */
| 
| #define PACKAGE_NAME ""
| #define PACKAGE_TARNAME ""
| #define PACKAGE_VERSION ""
| #define PACKAGE_STRING ""
| #define PACKAGE_BUGREPORT ""
| #define PACKAGE "beautyonline"
| #define VERSION "0.1"
| /* end confdefs.h.  */
| 
| /* Override any gcc2 internal prototype to avoid an error.  */
| #ifdef __cplusplus
| extern "C"
| #endif
| /* We use char because int might match the return type of a gcc2
|    builtin and then its argument prototype would still apply.  */
| char strerror ();
| int
| main ()
| {
| strerror ();
|   ;
|   return 0;
| }
configure:2959: result: no
configure:3013: checking for gcc
configure:3039: result: gcc
configure:3283: checking for C compiler version
configure:3286: gcc --version </dev/null >&5
gcc (GCC) 4.1.1 20070105 (Red Hat 4.1.1-51)
Copyright (C) 2006 Free Software Foundation, Inc.
This is free software; see the source for copying conditions.  There is NO
warranty; not even for MERCHANTABILITY or FITNESS FOR A PARTICULAR PURPOSE.

configure:3289: $? = 0
configure:3291: gcc -v </dev/null >&5
Using built-in specs.
Target: i386-redhat-linux
Configured with: ../configure --prefix=/usr --mandir=/usr/share/man --infodir=/usr/share/info --enable-shared --enable-threads=posix --enable-checking=release --with-system-zlib --enable-__cxa_atexit --disable-libunwind-exceptions --enable-libgcj-multifile --enable-languages=c,c++,objc,obj-c++,java,fortran,ada --enable-java-awt=gtk --disable-dssi --enable-plugin --with-java-home=/usr/lib/jvm/java-1.4.2-gcj-1.4.2.0/jre --with-cpu=generic --host=i386-redhat-linux
Thread model: posix
gcc version 4.1.1 20070105 (Red Hat 4.1.1-51)
configure:3294: $? = 0
configure:3296: gcc -V </dev/null >&5
gcc: '-V' option must have argument
configure:3299: $? = 1
configure:3302: checking whether we are using the GNU C compiler
configure:3358: result: yes
configure:3364: checking whether gcc accepts -g
configure:3415: result: yes
configure:3432: checking for gcc option to accept ANSI C
configure:3539: result: none needed
configure:3557: gcc -c -g -O2  conftest.c >&5
conftest.c:2: error: expected '=', ',', ';', 'asm' or '__attribute__' before 'me'
configure:3563: $? = 1
configure: failed program was:
| #ifndef __cplusplus
|   choke me
| #endif
configure:3698: checking dependency style of gcc
configure:3788: result: gcc3
configure:3851: checking for gcc
configure:3877: result: gcc
configure:4121: checking for C compiler version
configure:4124: gcc --version </dev/null >&5
gcc (GCC) 4.1.1 20070105 (Red Hat 4.1.1-51)
Copyright (C) 2006 Free Software Foundation, Inc.
This is free software; see the source for copying conditions.  There is NO
warranty; not even for MERCHANTABILITY or FITNESS FOR A PARTICULAR PURPOSE.

configure:4127: $? = 0
configure:4129: gcc -v </dev/null >&5
Using built-in specs.
Target: i386-redhat-linux
Configured with: ../configure --prefix=/usr --mandir=/usr/share/man --infodir=/usr/share/info --enable-shared --enable-threads=posix --enable-checking=release --with-system-zlib --enable-__cxa_atexit --disable-libunwind-exceptions --enable-libgcj-multifile --enable-languages=c,c++,objc,obj-c++,java,fortran,ada --enable-java-awt=gtk --disable-dssi --enable-plugin --with-java-home=/usr/lib/jvm/java-1.4.2-gcj-1.4.2.0/jre --with-cpu=generic --host=i386-redhat-linux
Thread model: posix
gcc version 4.1.1 20070105 (Red Hat 4.1.1-51)
configure:4132: $? = 0
configure:4134: gcc -V </dev/null >&5
gcc: '-V' option must have argument
configure:4137: $? = 1
configure:4140: checking whether we are using the GNU C compiler
configure:4196: result: yes
configure:4202: checking whether gcc accepts -g
configure:4253: result: yes
configure:4270: checking for gcc option to accept ANSI C
configure:4377: result: none needed
configure:4395: gcc -c -g -O2  conftest.c >&5
conftest.c:2: error: expected '=', ',', ';', 'asm' or '__attribute__' before 'me'
configure:4401: $? = 1
configure: failed program was:
| #ifndef __cplusplus
|   choke me
| #endif
configure:4536: checking dependency style of gcc
configure:4626: result: gcc3
configure:4651: checking how to run the C preprocessor
configure:4686: gcc -E  conftest.c
configure:4692: $? = 0
configure:4724: gcc -E  conftest.c
conftest.c:11:28: error: ac_nonexistent.h: No such file or directory
configure:4730: $? = 1
configure: failed program was:
| /* confdefs.h.  */
| 
| #define PACKAGE_NAME ""
| #define PACKAGE_TARNAME ""
| #define PACKAGE_VERSION ""
| #define PACKAGE_STRING ""
| #define PACKAGE_BUGREPORT ""
| #define PACKAGE "beautyonline"
| #define VERSION "0.1"
| /* end confdefs.h.  */
| #include <ac_nonexistent.h>
configure:4769: result: gcc -E
configure:4793: gcc -E  conftest.c
configure:4799: $? = 0
configure:4831: gcc -E  conftest.c
conftest.c:11:28: error: ac_nonexistent.h: No such file or directory
configure:4837: $? = 1
configure: failed program was:
| /* confdefs.h.  */
| 
| #define PACKAGE_NAME ""
| #define PACKAGE_TARNAME ""
| #define PACKAGE_VERSION ""
| #define PACKAGE_STRING ""
| #define PACKAGE_BUGREPORT ""
| #define PACKAGE "beautyonline"
| #define VERSION "0.1"
| /* end confdefs.h.  */
| #include <ac_nonexistent.h>
configure:4881: checking for egrep
configure:4891: result: grep -E
configure:4896: checking for ANSI C header files
configure:4921: gcc -c -g -O2  conftest.c >&5
configure:4927: $? = 0
configure:4931: test -z 
			 || test ! -s conftest.err
configure:4934: $? = 0
configure:4937: test -s conftest.o
configure:4940: $? = 0
configure:5029: gcc -o conftest -g -O2   conftest.c  >&5
conftest.c: In function 'main':
conftest.c:28: warning: incompatible implicit declaration of built-in function 'exit'
configure:5032: $? = 0
configure:5034: ./conftest
configure:5037: $? = 0
configure:5052: result: yes
configure:5089: checking for sys/types.h
configure:5105: gcc -c -g -O2  conftest.c >&5
configure:5111: $? = 0
configure:5115: test -z 
			 || test ! -s conftest.err
configure:5118: $? = 0
configure:5121: test -s conftest.o
configure:5124: $? = 0
configure:5135: result: yes
configure:5089: checking for sys/stat.h
configure:5105: gcc -c -g -O2  conftest.c >&5
configure:5111: $? = 0
configure:5115: test -z 
			 || test ! -s conftest.err
configure:5118: $? = 0
configure:5121: test -s conftest.o
configure:5124: $? = 0
configure:5135: result: yes
configure:5089: checking for stdlib.h
configure:5105: gcc -c -g -O2  conftest.c >&5
configure:5111: $? = 0
configure:5115: test -z 
			 || test ! -s conftest.err
configure:5118: $? = 0
configure:5121: test -s conftest.o
configure:5124: $? = 0
configure:5135: result: yes
configure:5089: checking for string.h
configure:5105: gcc -c -g -O2  conftest.c >&5
configure:5111: $? = 0
configure:5115: test -z 
			 || test ! -s conftest.err
configure:5118: $? = 0
configure:5121: test -s conftest.o
configure:5124: $? = 0
configure:5135: result: yes
configure:5089: checking for memory.h
configure:5105: gcc -c -g -O2  conftest.c >&5
configure:5111: $? = 0
configure:5115: test -z 
			 || test ! -s conftest.err
configure:5118: $? = 0
configure:5121: test -s conftest.o
configure:5124: $? = 0
configure:5135: result: yes
configure:5089: checking for strings.h
configure:5105: gcc -c -g -O2  conftest.c >&5
configure:5111: $? = 0
configure:5115: test -z 
			 || test ! -s conftest.err
configure:5118: $? = 0
configure:5121: test -s conftest.o
configure:5124: $? = 0
configure:5135: result: yes
configure:5089: checking for inttypes.h
configure:5105: gcc -c -g -O2  conftest.c >&5
configure:5111: $? = 0
configure:5115: test -z 
			 || test ! -s conftest.err
configure:5118: $? = 0
configure:5121: test -s conftest.o
configure:5124: $? = 0
configure:5135: result: yes
configure:5089: checking for stdint.h
configure:5105: gcc -c -g -O2  conftest.c >&5
configure:5111: $? = 0
configure:5115: test -z 
			 || test ! -s conftest.err
configure:5118: $? = 0
configure:5121: test -s conftest.o
configure:5124: $? = 0
configure:5135: result: yes
configure:5089: checking for unistd.h
configure:5105: gcc -c -g -O2  conftest.c >&5
configure:5111: $? = 0
configure:5115: test -z 
			 || test ! -s conftest.err
configure:5118: $? = 0
configure:5121: test -s conftest.o
configure:5124: $? = 0
configure:5135: result: yes
configure:5153: checking build system type
configure:5171: result: i686-pc-linux-gnu
configure:5179: checking host system type
configure:5193: result: i686-pc-linux-gnu
configure:5216: checking locale.h usability
configure:5228: gcc -c -g -O2  conftest.c >&5
configure:5234: $? = 0
configure:5238: test -z 
			 || test ! -s conftest.err
configure:5241: $? = 0
configure:5244: test -s conftest.o
configure:5247: $? = 0
configure:5257: result: yes
configure:5261: checking locale.h presence
configure:5271: gcc -E  conftest.c
configure:5277: $? = 0
configure:5297: result: yes
configure:5332: checking for locale.h
configure:5339: result: yes
configure:5353: checking for LC_MESSAGES
configure:5374: gcc -o conftest -g -O2   conftest.c  >&5
configure:5380: $? = 0
configure:5384: test -z 
			 || test ! -s conftest.err
configure:5387: $? = 0
configure:5390: test -s conftest
configure:5393: $? = 0
configure:5405: result: yes
configure:5434: checking libintl.h usability
configure:5446: gcc -c -g -O2  conftest.c >&5
configure:5452: $? = 0
configure:5456: test -z 
			 || test ! -s conftest.err
configure:5459: $? = 0
configure:5462: test -s conftest.o
configure:5465: $? = 0
configure:5475: result: yes
configure:5479: checking libintl.h presence
configure:5489: gcc -E  conftest.c
configure:5495: $? = 0
configure:5515: result: yes
configure:5550: checking for libintl.h
configure:5557: result: yes
configure:5568: checking for ngettext in libc
configure:5591: gcc -o conftest -g -O2   conftest.c  >&5
configure:5597: $? = 0
configure:5601: test -z 
			 || test ! -s conftest.err
configure:5604: $? = 0
configure:5607: test -s conftest
configure:5610: $? = 0
configure:5623: result: yes
configure:5627: checking for dgettext in libc
configure:5650: gcc -o conftest -g -O2   conftest.c  >&5
configure:5656: $? = 0
configure:5660: test -z 
			 || test ! -s conftest.err
configure:5663: $? = 0
configure:5666: test -s conftest
configure:5669: $? = 0
configure:5682: result: yes
configure:5691: checking for bind_textdomain_codeset
configure:5748: gcc -o conftest -g -O2   conftest.c  >&5
configure:5754: $? = 0
configure:5758: test -z 
			 || test ! -s conftest.err
configure:5761: $? = 0
configure:5764: test -s conftest
configure:5767: $? = 0
configure:5779: result: yes
configure:6289: checking for msgfmt
configure:6316: result: /usr/bin/msgfmt
configure:6329: checking for dcgettext
configure:6386: gcc -o conftest -g -O2   conftest.c   >&5
conftest.c:50: warning: conflicting types for built-in function 'dcgettext'
configure:6392: $? = 0
configure:6396: test -z 
			 || test ! -s conftest.err
configure:6399: $? = 0
configure:6402: test -s conftest
configure:6405: $? = 0
configure:6417: result: yes
configure:6429: checking for gmsgfmt
configure:6460: result: /usr/bin/msgfmt
configure:6469: checking for xgettext
configure:6496: result: /usr/bin/xgettext
configure:6520: gcc -o conftest -g -O2   conftest.c   >&5
configure:6526: $? = 0
configure:6530: test -z 
			 || test ! -s conftest.err
configure:6533: $? = 0
configure:6536: test -s conftest
configure:6539: $? = 0
configure:6822: checking for pkg-config
configure:6840: found /usr/bin/pkg-config
configure:6852: result: /usr/bin/pkg-config
configure:6867: checking pkg-config is at least version 0.9.0
configure:6870: result: yes
configure:6881: checking for PACKAGE
configure:6889: $PKG_CONFIG --exists --print-errors "gtk+-2.0 libcurl"
configure:6892: $? = 0
configure:6907: $PKG_CONFIG --exists --print-errors "gtk+-2.0 libcurl"
configure:6910: $? = 0
configure:6986: result: yes
configure:7012: checking gtk-doc version >= 1.0
configure:7015: result: yes
configure:7187: creating ./config.status

## ---------------------- ##
## Running config.status. ##
## ---------------------- ##

This file was extended by config.status, which was
generated by GNU Autoconf 2.59.  Invocation command line was

  CONFIG_FILES    = 
  CONFIG_HEADERS  = 
  CONFIG_LINKS    = 
  CONFIG_COMMANDS = 
  $ ./config.status 

on MYPLACE

config.status:727: creating Makefile
config.status:727: creating po/Makefile.in
config.status:727: creating src/Makefile
config.status:831: creating config.h
config.status:951: config.h is unchanged
config.status:1131: executing depfiles commands
config.status:1131: executing default-1 commands

## ---------------- ##
## Cache variables. ##
## ---------------- ##

ac_cv_build=i686-pc-linux-gnu
ac_cv_build_alias=i686-pc-linux-gnu
ac_cv_c_compiler_gnu=yes
ac_cv_env_CC_set=
ac_cv_env_CC_value=
ac_cv_env_CFLAGS_set=
ac_cv_env_CFLAGS_value=
ac_cv_env_CPPFLAGS_set=
ac_cv_env_CPPFLAGS_value=
ac_cv_env_CPP_set=
ac_cv_env_CPP_value=
ac_cv_env_LDFLAGS_set=
ac_cv_env_LDFLAGS_value=
ac_cv_env_PACKAGE_CFLAGS_set=
ac_cv_env_PACKAGE_CFLAGS_value=
ac_cv_env_PACKAGE_LIBS_set=
ac_cv_env_PACKAGE_LIBS_value=
ac_cv_env_PKG_CONFIG_set=
ac_cv_env_PKG_CONFIG_value=
ac_cv_env_build_alias_set=
ac_cv_env_build_alias_value=
ac_cv_env_host_alias_set=
ac_cv_env_host_alias_value=
ac_cv_env_target_alias_set=
ac_cv_env_target_alias_value=
ac_cv_exeext=
ac_cv_func_bind_textdomain_codeset=yes
ac_cv_func_dcgettext=yes
ac_cv_header_inttypes_h=yes
ac_cv_header_libintl_h=yes
ac_cv_header_locale_h=yes
ac_cv_header_memory_h=yes
ac_cv_header_stdc=yes
ac_cv_header_stdint_h=yes
ac_cv_header_stdlib_h=yes
ac_cv_header_string_h=yes
ac_cv_header_strings_h=yes
ac_cv_header_sys_stat_h=yes
ac_cv_header_sys_types_h=yes
ac_cv_header_unistd_h=yes
ac_cv_host=i686-pc-linux-gnu
ac_cv_host_alias=i686-pc-linux-gnu
ac_cv_lib_cposix_strerror=no
ac_cv_objext=o
ac_cv_path_GMSGFMT=/usr/bin/msgfmt
ac_cv_path_MSGFMT=/usr/bin/msgfmt
ac_cv_path_XGETTEXT=/usr/bin/xgettext
ac_cv_path_ac_pt_PKG_CONFIG=/usr/bin/pkg-config
ac_cv_path_install='/usr/bin/install -c'
ac_cv_prog_AWK=gawk
ac_cv_prog_CPP='gcc -E'
ac_cv_prog_ac_ct_CC=gcc
ac_cv_prog_cc_g=yes
ac_cv_prog_cc_stdc=
ac_cv_prog_egrep='grep -E'
ac_cv_prog_make_make_set=yes
am_cv_CC_dependencies_compiler_type=gcc3
am_cv_prog_cc_stdc=
am_cv_val_LC_MESSAGES=yes
gt_cv_func_dgettext_libc=yes
gt_cv_func_dgettext_libintl=no
gt_cv_func_ngettext_libc=yes
gt_cv_have_gettext=yes
pkg_cv_PACKAGE_CFLAGS='-I/usr/include/gtk-2.0 -I/usr/lib/gtk-2.0/include -I/usr/include/atk-1.0 -I/usr/include/cairo -I/usr/include/pango-1.0 -I/usr/include/glib-2.0 -I/usr/lib/glib-2.0/include -I/usr/include/freetype2 -I/usr/include/libpng12  '
pkg_cv_PACKAGE_LIBS='-L/lib -L/usr/kerberos/lib -lgtk-x11-2.0 -lgdk-x11-2.0 -latk-1.0 -lgdk_pixbuf-2.0 -lm -lpangocairo-1.0 -lpango-1.0 -lcairo -lgobject-2.0 -lgmodule-2.0 -lglib-2.0 -lcurl -lgssapi_krb5 -lkrb5 -lk5crypto -lcom_err -lresolv -ldl -lidn -lssl -lcrypto -lz  '

## ----------------- ##
## Output variables. ##
## ----------------- ##

ACLOCAL='${SHELL} /data/Workspace/c/beautyonline/missing --run aclocal-1.9'
AMDEPBACKSLASH='\'
AMDEP_FALSE='#'
AMDEP_TRUE=''
AMTAR='${SHELL} /data/Workspace/c/beautyonline/missing --run tar'
AUTOCONF='${SHELL} /data/Workspace/c/beautyonline/missing --run autoconf'
AUTOHEADER='${SHELL} /data/Workspace/c/beautyonline/missing --run autoheader'
AUTOMAKE='${SHELL} /data/Workspace/c/beautyonline/missing --run automake-1.9'
AWK='gawk'
CATALOGS=''
CATOBJEXT='.gmo'
CC='gcc'
CCDEPMODE='depmode=gcc3'
CFLAGS='-g -O2'
CPP='gcc -E'
CPPFLAGS=''
CYGPATH_W='echo'
DATADIRNAME='share'
DEFS='-DHAVE_CONFIG_H'
DEPDIR='.deps'
ECHO_C=''
ECHO_N='-n'
ECHO_T=''
EGREP='grep -E'
ENABLE_GTK_DOC_FALSE='#'
ENABLE_GTK_DOC_TRUE=''
EXEEXT=''
GETTEXT_PACKAGE='beautyonline'
GMOFILES=''
GMSGFMT='/usr/bin/msgfmt'
HTML_DIR='${datadir}/gtk-doc/html'
INSTALL_DATA='${INSTALL} -m 644'
INSTALL_PROGRAM='${INSTALL}'
INSTALL_SCRIPT='${INSTALL}'
INSTALL_STRIP_PROGRAM='${SHELL} $(install_sh) -c -s'
INSTOBJEXT='.mo'
INTLLIBS=''
LDFLAGS=''
LIBOBJS=''
LIBS=''
LTLIBOBJS=''
MAINT='#'
MAINTAINER_MODE_FALSE=''
MAINTAINER_MODE_TRUE='#'
MAKEINFO='${SHELL} /data/Workspace/c/beautyonline/missing --run makeinfo'
MKINSTALLDIRS='./mkinstalldirs'
MSGFMT='/usr/bin/msgfmt'
OBJEXT='o'
PACKAGE='beautyonline'
PACKAGE_BUGREPORT=''
PACKAGE_CFLAGS='-I/usr/include/gtk-2.0 -I/usr/lib/gtk-2.0/include -I/usr/include/atk-1.0 -I/usr/include/cairo -I/usr/include/pango-1.0 -I/usr/include/glib-2.0 -I/usr/lib/glib-2.0/include -I/usr/include/freetype2 -I/usr/include/libpng12  '
PACKAGE_LIBS='-L/lib -L/usr/kerberos/lib -lgtk-x11-2.0 -lgdk-x11-2.0 -latk-1.0 -lgdk_pixbuf-2.0 -lm -lpangocairo-1.0 -lpango-1.0 -lcairo -lgobject-2.0 -lgmodule-2.0 -lglib-2.0 -lcurl -lgssapi_krb5 -lkrb5 -lk5crypto -lcom_err -lresolv -ldl -lidn -lssl -lcrypto -lz  '
PACKAGE_NAME=''
PACKAGE_STRING=''
PACKAGE_TARNAME=''
PACKAGE_VERSION=''
PATH_SEPARATOR=':'
PKG_CONFIG='/usr/bin/pkg-config'
POFILES=''
POSUB='po'
PO_IN_DATADIR_FALSE=''
PO_IN_DATADIR_TRUE=''
SET_MAKE=''
SHELL='/bin/sh'
STRIP=''
USE_NLS='yes'
VERSION='0.1'
XGETTEXT='/usr/bin/xgettext'
ac_ct_CC='gcc'
ac_ct_STRIP=''
ac_pt_PKG_CONFIG='/usr/bin/pkg-config'
am__fastdepCC_FALSE='#'
am__fastdepCC_TRUE=''
am__include='include'
am__leading_dot='.'
am__quote=''
am__tar='${AMTAR} chof - "$$tardir"'
am__untar='${AMTAR} xf -'
bindir='${exec_prefix}/bin'
build='i686-pc-linux-gnu'
build_alias=''
build_cpu='i686'
build_os='linux-gnu'
build_vendor='pc'
datadir='${prefix}/share'
exec_prefix='${prefix}'
host='i686-pc-linux-gnu'
host_alias=''
host_cpu='i686'
host_os='linux-gnu'
host_vendor='pc'
includedir='${prefix}/include'
infodir='${prefix}/info'
install_sh='/data/Workspace/c/beautyonline/install-sh'
libdir='${exec_prefix}/lib'
libexecdir='${exec_prefix}/libexec'
localstatedir='${prefix}/var'
mandir='${prefix}/man'
mkdir_p='mkdir -p --'
oldincludedir='/usr/include'
prefix='/usr/local'
program_transform_name='s,x,x,'
sbindir='${exec_prefix}/sbin'
sharedstatedir='${prefix}/com'
sysconfdir='${prefix}/etc'
target_alias=''

## ----------- ##
## confdefs.h. ##
## ----------- ##

#define ENABLE_NLS 1
#define GETTEXT_PACKAGE "beautyonline"
#define HAVE_BIND_TEXTDOMAIN_CODESET 1
#define HAVE_DCGETTEXT 1
#define HAVE_GETTEXT 1
#define HAVE_INTTYPES_H 1
#define HAVE_LC_MESSAGES 1
#define HAVE_LOCALE_H 1
#define HAVE_MEMORY_H 1
#define HAVE_STDINT_H 1
#define HAVE_STDLIB_H 1
#define HAVE_STRINGS_H 1
#define HAVE_STRING_H 1
#define HAVE_SYS_STAT_H 1
#define HAVE_SYS_TYPES_H 1
#define HAVE_UNISTD_H 1
#define PACKAGE "beautyonline"
#define PACKAGE_BUGREPORT ""
#define PACKAGE_NAME ""
#define PACKAGE_STRING ""
#define PACKAGE_TARNAME ""
#define PACKAGE_VERSION ""
#define STDC_HEADERS 1
#define VERSION "0.1"

configure: exit 0
