This file contains any messages produced by compilers while
running configure, to aid debugging if configure makes a mistake.

It was created by batchman configure 0.2, which was
generated by GNU Autoconf 2.59.  Invocation command line was

  $ /data/Workspace/c/batchman/configure --enable-debug=full

## --------- ##
## Platform. ##
## --------- ##

hostname = MYPLACE
uname -m = i686
uname -r = 2.6.18-1.2869.fc6
uname -s = Linux
uname -v = #1 SMP Wed Dec 20 14:51:19 EST 2006

/usr/bin/uname -p = unknown
/bin/uname -X     = unknown

/bin/arch              = i686
/usr/bin/arch -k       = unknown
/usr/convex/getsysinfo = unknown
hostinfo               = unknown
/bin/machine           = unknown
/usr/bin/oslevel       = unknown
/bin/universe          = unknown

PATH: /usr/kerberos/bin
PATH: /usr/local/bin
PATH: /usr/bin
PATH: /bin
PATH: /usr/X11R6/bin
PATH: /sbin
PATH: /usr/sbin
PATH: /usr/local/sbin
PATH: /home/xiaoranzzz/bin


## ----------- ##
## Core tests. ##
## ----------- ##

configure:1370: checking for a BSD-compatible install
configure:1425: result: /usr/bin/install -c
configure:1436: checking whether build environment is sane
configure:1479: result: yes
configure:1544: checking for gawk
configure:1560: found /usr/bin/gawk
configure:1570: result: gawk
configure:1580: checking whether make sets $(MAKE)
configure:1600: result: yes
configure:1621: error: source directory already configured; run "make distclean" there first

## ---------------- ##
## Cache variables. ##
## ---------------- ##

ac_cv_env_CC_set=
ac_cv_env_CC_value=
ac_cv_env_CFLAGS_set=set
ac_cv_env_CFLAGS_value='-O0 -g3'
ac_cv_env_CPPFLAGS_set=
ac_cv_env_CPPFLAGS_value=
ac_cv_env_CPP_set=
ac_cv_env_CPP_value=
ac_cv_env_LDFLAGS_set=
ac_cv_env_LDFLAGS_value=
ac_cv_env_build_alias_set=
ac_cv_env_build_alias_value=
ac_cv_env_host_alias_set=
ac_cv_env_host_alias_value=
ac_cv_env_target_alias_set=
ac_cv_env_target_alias_value=
ac_cv_path_install='/usr/bin/install -c'
ac_cv_prog_AWK=gawk
ac_cv_prog_make_make_set=yes

## ----------------- ##
## Output variables. ##
## ----------------- ##

ACLOCAL=''
AMDEPBACKSLASH=''
AMDEP_FALSE=''
AMDEP_TRUE=''
AMTAR=''
AUTOCONF=''
AUTOHEADER=''
AUTOMAKE=''
AWK='gawk'
CC=''
CCDEPMODE=''
CFLAGS='-O0 -g3'
CPP=''
CPPFLAGS=''
CYGPATH_W=''
DEFS=''
DEPDIR=''
ECHO_C=''
ECHO_N='-n'
ECHO_T=''
EGREP=''
EXEEXT=''
INSTALL_DATA='${INSTALL} -m 644'
INSTALL_PROGRAM='${INSTALL}'
INSTALL_SCRIPT='${INSTALL}'
INSTALL_STRIP_PROGRAM=''
LDFLAGS=''
LIBOBJS=''
LIBS=''
LTLIBOBJS=''
MAKEINFO=''
OBJEXT=''
PACKAGE=''
PACKAGE_BUGREPORT='xiaoranzzz@gmail.com'
PACKAGE_NAME='batchman'
PACKAGE_STRING='batchman 0.2'
PACKAGE_TARNAME='batchman'
PACKAGE_VERSION='0.2'
PATH_SEPARATOR=':'
SET_MAKE=''
SHELL='/bin/sh'
STRIP=''
VERSION=''
ac_ct_CC=''
ac_ct_STRIP=''
am__fastdepCC_FALSE=''
am__fastdepCC_TRUE=''
am__include=''
am__leading_dot='.'
am__quote=''
am__tar=''
am__untar=''
bindir='${exec_prefix}/bin'
build_alias=''
datadir='${prefix}/share'
exec_prefix='NONE'
host_alias=''
includedir='${prefix}/include'
infodir='${prefix}/info'
install_sh=''
libdir='${exec_prefix}/lib'
libexecdir='${exec_prefix}/libexec'
localstatedir='${prefix}/var'
mandir='${prefix}/man'
mkdir_p='mkdir -p --'
oldincludedir='/usr/include'
prefix='NONE'
program_transform_name='s,x,x,'
sbindir='${exec_prefix}/sbin'
sharedstatedir='${prefix}/com'
sysconfdir='${prefix}/etc'
target_alias=''

## ----------- ##
## confdefs.h. ##
## ----------- ##

#define AUTHOR "xrLin,xiaoranzzz@gmail.com"
#define PACKAGE_BUGREPORT "xiaoranzzz@gmail.com"
#define PACKAGE_BUILDDATE "Fri Jan 12 03:54:13 HKT 2007"
#define PACKAGE_NAME "batchman"
#define PACKAGE_STRING "batchman 0.2"
#define PACKAGE_TARNAME "batchman"
#define PACKAGE_VERSION "0.2"

configure: exit 1
