This file contains any messages produced by compilers while
running configure, to aid debugging if configure makes a mistake.

It was created by XRZ C Library configure 1.0, which was
generated by GNU Autoconf 2.61.  Invocation command line was

  $ ./configure --verbose

## --------- ##
## Platform. ##
## --------- ##

hostname = myplace.hell
uname -m = i686
uname -r = 2.6.24-1-686
uname -s = Linux
uname -v = #1 SMP Thu May 8 02:16:39 UTC 2008

/usr/bin/uname -p = unknown
/bin/uname -X     = unknown

/bin/arch              = unknown
/usr/bin/arch -k       = unknown
/usr/convex/getsysinfo = unknown
/usr/bin/hostinfo      = unknown
/bin/machine           = unknown
/usr/bin/oslevel       = unknown
/bin/universe          = unknown

PATH: /usr/local/bin
PATH: /usr/bin
PATH: /bin
PATH: /usr/games
PATH: /share/bin
PATH: /myplace/bin


## ----------- ##
## Core tests. ##
## ----------- ##

configure:1787: checking for a BSD-compatible install
configure:1843: result: /usr/bin/install -c
configure:1854: checking whether build environment is sane
configure:1897: result: yes
configure:1925: checking for a thread-safe mkdir -p
configure:1964: result: /bin/mkdir -p
configure:1977: checking for gawk
configure:1993: found /usr/bin/gawk
configure:2004: result: gawk
configure:2015: checking whether make sets $(MAKE)
configure:2036: result: yes
configure:2274: checking for gcc
configure:2290: found /usr/bin/gcc
configure:2301: result: gcc
configure:2539: checking for C compiler version
configure:2546: gcc --version >&5
gcc (Debian 4.3.1-2) 4.3.1
Copyright (C) 2008 Free Software Foundation, Inc.
This is free software; see the source for copying conditions.  There is NO
warranty; not even for MERCHANTABILITY or FITNESS FOR A PARTICULAR PURPOSE.

configure:2549: $? = 0
configure:2556: gcc -v >&5
Using built-in specs.
Target: i486-linux-gnu
Configured with: ../src/configure -v --with-pkgversion='Debian 4.3.1-2' --with-bugurl=file:///usr/share/doc/gcc-4.3/README.Bugs --enable-languages=c,c++,fortran,objc,obj-c++ --prefix=/usr --enable-shared --with-system-zlib --libexecdir=/usr/lib --without-included-gettext --enable-threads=posix --enable-nls --with-gxx-include-dir=/usr/include/c++/4.3 --program-suffix=-4.3 --enable-clocale=gnu --enable-libstdcxx-debug --enable-objc-gc --enable-mpfr --enable-targets=all --enable-cld --enable-checking=release --build=i486-linux-gnu --host=i486-linux-gnu --target=i486-linux-gnu
Thread model: posix
gcc version 4.3.1 (Debian 4.3.1-2) 
configure:2559: $? = 0
configure:2566: gcc -V >&5
gcc: '-V' option must have argument
configure:2569: $? = 1
configure:2592: checking for C compiler default output file name
configure:2619: gcc    conftest.c  >&5
configure:2622: $? = 0
configure:2660: result: a.out
configure:2677: checking whether the C compiler works
configure:2687: ./a.out
configure:2690: $? = 0
configure:2707: result: yes
configure:2714: checking whether we are cross compiling
configure:2716: result: no
configure:2719: checking for suffix of executables
configure:2726: gcc -o conftest    conftest.c  >&5
configure:2729: $? = 0
configure:2753: result: 
configure:2759: checking for suffix of object files
configure:2785: gcc -c   conftest.c >&5
configure:2788: $? = 0
configure:2811: result: o
configure:2815: checking whether we are using the GNU C compiler
configure:2844: gcc -c   conftest.c >&5
configure:2850: $? = 0
configure:2867: result: yes
configure:2872: checking whether gcc accepts -g
configure:2902: gcc -c -g  conftest.c >&5
configure:2908: $? = 0
configure:3007: result: yes
configure:3024: checking for gcc option to accept ISO C89
configure:3098: gcc  -c -g -O2  conftest.c >&5
configure:3104: $? = 0
configure:3127: result: none needed
configure:3156: checking for style of include used by make
configure:3184: result: GNU
configure:3209: checking dependency style of gcc
configure:3300: result: gcc3
configure:3316: checking whether gcc and cc understand -c and -o together
configure:3351: gcc -c conftest.c -o conftest2.o >&5
configure:3354: $? = 0
configure:3360: gcc -c conftest.c -o conftest2.o >&5
configure:3363: $? = 0
configure:3374: cc -c conftest.c >&5
configure:3377: $? = 0
configure:3385: cc -c conftest.c -o conftest2.o >&5
configure:3388: $? = 0
configure:3394: cc -c conftest.c -o conftest2.o >&5
configure:3397: $? = 0
configure:3415: result: yes
configure:3484: checking for ranlib
configure:3500: found /usr/bin/ranlib
configure:3511: result: ranlib
configure:3547: checking how to run the C preprocessor
configure:3587: gcc -E  conftest.c
configure:3593: $? = 0
configure:3624: gcc -E  conftest.c
conftest.c:10:28: error: ac_nonexistent.h: No such file or directory
configure:3630: $? = 1
configure: failed program was:
| /* confdefs.h.  */
| #define PACKAGE_NAME "XRZ C Library"
| #define PACKAGE_TARNAME "XRZLib"
| #define PACKAGE_VERSION "1.0"
| #define PACKAGE_STRING "XRZ C Library 1.0"
| #define PACKAGE_BUGREPORT "xiaoranzzz@gmail.com"
| #define PACKAGE "XRZLib"
| #define VERSION "1.0"
| /* end confdefs.h.  */
| #include <ac_nonexistent.h>
configure:3663: result: gcc -E
configure:3692: gcc -E  conftest.c
configure:3698: $? = 0
configure:3729: gcc -E  conftest.c
conftest.c:10:28: error: ac_nonexistent.h: No such file or directory
configure:3735: $? = 1
configure: failed program was:
| /* confdefs.h.  */
| #define PACKAGE_NAME "XRZ C Library"
| #define PACKAGE_TARNAME "XRZLib"
| #define PACKAGE_VERSION "1.0"
| #define PACKAGE_STRING "XRZ C Library 1.0"
| #define PACKAGE_BUGREPORT "xiaoranzzz@gmail.com"
| #define PACKAGE "XRZLib"
| #define VERSION "1.0"
| /* end confdefs.h.  */
| #include <ac_nonexistent.h>
configure:3773: checking for grep that handles long lines and -e
configure:3847: result: /bin/grep
configure:3852: checking for egrep
configure:3930: result: /bin/grep -E
configure:3935: checking for ANSI C header files
configure:3965: gcc -c -g -O2  conftest.c >&5
configure:3971: $? = 0
configure:4070: gcc -o conftest -g -O2   conftest.c  >&5
configure:4073: $? = 0
configure:4079: ./conftest
configure:4082: $? = 0
configure:4099: result: yes
configure:4123: checking for sys/types.h
configure:4144: gcc -c -g -O2  conftest.c >&5
configure:4150: $? = 0
configure:4166: result: yes
configure:4123: checking for sys/stat.h
configure:4144: gcc -c -g -O2  conftest.c >&5
configure:4150: $? = 0
configure:4166: result: yes
configure:4123: checking for stdlib.h
configure:4144: gcc -c -g -O2  conftest.c >&5
configure:4150: $? = 0
configure:4166: result: yes
configure:4123: checking for string.h
configure:4144: gcc -c -g -O2  conftest.c >&5
configure:4150: $? = 0
configure:4166: result: yes
configure:4123: checking for memory.h
configure:4144: gcc -c -g -O2  conftest.c >&5
configure:4150: $? = 0
configure:4166: result: yes
configure:4123: checking for strings.h
configure:4144: gcc -c -g -O2  conftest.c >&5
configure:4150: $? = 0
configure:4166: result: yes
configure:4123: checking for inttypes.h
configure:4144: gcc -c -g -O2  conftest.c >&5
configure:4150: $? = 0
configure:4166: result: yes
configure:4123: checking for stdint.h
configure:4144: gcc -c -g -O2  conftest.c >&5
configure:4150: $? = 0
configure:4166: result: yes
configure:4123: checking for unistd.h
configure:4144: gcc -c -g -O2  conftest.c >&5
configure:4150: $? = 0
configure:4166: result: yes
configure:4195: checking stddef.h usability
configure:4212: gcc -c -g -O2  conftest.c >&5
configure:4218: $? = 0
configure:4232: result: yes
configure:4236: checking stddef.h presence
configure:4251: gcc -E  conftest.c
configure:4257: $? = 0
configure:4271: result: yes
configure:4304: checking for stddef.h
configure:4312: result: yes
configure:4185: checking for stdlib.h
configure:4191: result: yes
configure:4185: checking for string.h
configure:4191: result: yes
configure:4327: checking for an ANSI C-conforming const
configure:4402: gcc -c -g -O2  conftest.c >&5
configure:4408: $? = 0
configure:4423: result: yes
configure:4440: checking for stdlib.h
configure:4446: result: yes
configure:4580: checking for GNU libc compatible malloc
configure:4614: gcc -o conftest -g -O2   conftest.c  >&5
configure:4617: $? = 0
configure:4623: ./conftest
configure:4626: $? = 0
configure:4642: result: yes
configure:4675: checking for strdup
configure:4731: gcc -o conftest -g -O2   conftest.c  >&5
conftest.c:48: warning: conflicting types for built-in function 'strdup'
configure:4737: $? = 0
configure:4755: result: yes
configure:4675: checking for strstr
configure:4731: gcc -o conftest -g -O2   conftest.c  >&5
conftest.c:49: warning: conflicting types for built-in function 'strstr'
configure:4737: $? = 0
configure:4755: result: yes
configure:4882: creating ./config.status

## ---------------------- ##
## Running config.status. ##
## ---------------------- ##

This file was extended by XRZ C Library config.status 1.0, which was
generated by GNU Autoconf 2.61.  Invocation command line was

  CONFIG_FILES    = 
  CONFIG_HEADERS  = 
  CONFIG_LINKS    = 
  CONFIG_COMMANDS = 
  $ ./config.status 

on myplace.hell

config.status:637: creating makefile
config.status:637: creating src/makefile
config.status:637: creating config.h
config.status:870: config.h is unchanged
config.status:917: executing depfiles commands

## ---------------- ##
## Cache variables. ##
## ---------------- ##

ac_cv_c_compiler_gnu=yes
ac_cv_c_const=yes
ac_cv_env_CC_set=
ac_cv_env_CC_value=
ac_cv_env_CFLAGS_set=
ac_cv_env_CFLAGS_value=
ac_cv_env_CPPFLAGS_set=
ac_cv_env_CPPFLAGS_value=
ac_cv_env_CPP_set=
ac_cv_env_CPP_value=
ac_cv_env_LDFLAGS_set=
ac_cv_env_LDFLAGS_value=
ac_cv_env_LIBS_set=
ac_cv_env_LIBS_value=
ac_cv_env_build_alias_set=
ac_cv_env_build_alias_value=
ac_cv_env_host_alias_set=
ac_cv_env_host_alias_value=
ac_cv_env_target_alias_set=
ac_cv_env_target_alias_value=
ac_cv_func_malloc_0_nonnull=yes
ac_cv_func_strdup=yes
ac_cv_func_strstr=yes
ac_cv_header_inttypes_h=yes
ac_cv_header_memory_h=yes
ac_cv_header_stdc=yes
ac_cv_header_stddef_h=yes
ac_cv_header_stdint_h=yes
ac_cv_header_stdlib_h=yes
ac_cv_header_string_h=yes
ac_cv_header_strings_h=yes
ac_cv_header_sys_stat_h=yes
ac_cv_header_sys_types_h=yes
ac_cv_header_unistd_h=yes
ac_cv_objext=o
ac_cv_path_EGREP='/bin/grep -E'
ac_cv_path_GREP=/bin/grep
ac_cv_path_install='/usr/bin/install -c'
ac_cv_path_mkdir=/bin/mkdir
ac_cv_prog_AWK=gawk
ac_cv_prog_CPP='gcc -E'
ac_cv_prog_ac_ct_CC=gcc
ac_cv_prog_ac_ct_RANLIB=ranlib
ac_cv_prog_cc_c89=
ac_cv_prog_cc_g=yes
ac_cv_prog_cc_gcc_c_o=yes
ac_cv_prog_make_make_set=yes
am_cv_CC_dependencies_compiler_type=gcc3

## ----------------- ##
## Output variables. ##
## ----------------- ##

ACLOCAL='${SHELL} /media/UWDATA/Workspace/c/xrzlib/missing --run aclocal-1.10'
AMDEPBACKSLASH='\'
AMDEP_FALSE='#'
AMDEP_TRUE=''
AMTAR='${SHELL} /media/UWDATA/Workspace/c/xrzlib/missing --run tar'
AUTOCONF='${SHELL} /media/UWDATA/Workspace/c/xrzlib/missing --run autoconf'
AUTOHEADER='${SHELL} /media/UWDATA/Workspace/c/xrzlib/missing --run autoheader'
AUTOMAKE='${SHELL} /media/UWDATA/Workspace/c/xrzlib/missing --run automake-1.10'
AWK='gawk'
CC='gcc'
CCDEPMODE='depmode=gcc3'
CFLAGS='-g -O2'
CPP='gcc -E'
CPPFLAGS=''
CYGPATH_W='echo'
DEFS='-DHAVE_CONFIG_H'
DEPDIR='.deps'
ECHO_C=''
ECHO_N='-n'
ECHO_T=''
EGREP='/bin/grep -E'
EXEEXT=''
GREP='/bin/grep'
INSTALL_DATA='${INSTALL} -m 644'
INSTALL_PROGRAM='${INSTALL}'
INSTALL_SCRIPT='${INSTALL}'
INSTALL_STRIP_PROGRAM='$(install_sh) -c -s'
LDFLAGS=''
LIBOBJS=''
LIBS=''
LTLIBOBJS=''
MAKEINFO='${SHELL} /media/UWDATA/Workspace/c/xrzlib/missing --run makeinfo'
OBJEXT='o'
PACKAGE='XRZLib'
PACKAGE_BUGREPORT='xiaoranzzz@gmail.com'
PACKAGE_NAME='XRZ C Library'
PACKAGE_STRING='XRZ C Library 1.0'
PACKAGE_TARNAME='XRZLib'
PACKAGE_VERSION='1.0'
PATH_SEPARATOR=':'
RANLIB='ranlib'
SET_MAKE=''
SHELL='/bin/sh'
STRIP=''
VERSION='1.0'
ac_ct_CC='gcc'
am__fastdepCC_FALSE='#'
am__fastdepCC_TRUE=''
am__include='include'
am__isrc=''
am__leading_dot='.'
am__quote=''
am__tar='${AMTAR} chof - "$$tardir"'
am__untar='${AMTAR} xf -'
bindir='${exec_prefix}/bin'
build_alias=''
datadir='${datarootdir}'
datarootdir='${prefix}/share'
docdir='${datarootdir}/doc/${PACKAGE_TARNAME}'
dvidir='${docdir}'
exec_prefix='${prefix}'
host_alias=''
htmldir='${docdir}'
includedir='${prefix}/include'
infodir='${datarootdir}/info'
install_sh='$(SHELL) /media/UWDATA/Workspace/c/xrzlib/install-sh'
libdir='${exec_prefix}/lib'
libexecdir='${exec_prefix}/libexec'
localedir='${datarootdir}/locale'
localstatedir='${prefix}/var'
mandir='${datarootdir}/man'
mkdir_p='/bin/mkdir -p'
oldincludedir='/usr/include'
pdfdir='${docdir}'
prefix='/myplace'
program_transform_name='s,x,x,'
psdir='${docdir}'
sbindir='${exec_prefix}/sbin'
sharedstatedir='${prefix}/com'
sysconfdir='${prefix}/etc'
target_alias=''

## ----------- ##
## confdefs.h. ##
## ----------- ##

#define PACKAGE_NAME "XRZ C Library"
#define PACKAGE_TARNAME "XRZLib"
#define PACKAGE_VERSION "1.0"
#define PACKAGE_STRING "XRZ C Library 1.0"
#define PACKAGE_BUGREPORT "xiaoranzzz@gmail.com"
#define PACKAGE "XRZLib"
#define VERSION "1.0"
#define STDC_HEADERS 1
#define HAVE_SYS_TYPES_H 1
#define HAVE_SYS_STAT_H 1
#define HAVE_STDLIB_H 1
#define HAVE_STRING_H 1
#define HAVE_MEMORY_H 1
#define HAVE_STRINGS_H 1
#define HAVE_INTTYPES_H 1
#define HAVE_STDINT_H 1
#define HAVE_UNISTD_H 1
#define HAVE_STDDEF_H 1
#define HAVE_STDLIB_H 1
#define HAVE_STRING_H 1
#define HAVE_STDLIB_H 1
#define HAVE_MALLOC 1
#define HAVE_STRDUP 1
#define HAVE_STRSTR 1

configure: exit 0
