This file contains any messages produced by compilers while
running configure, to aid debugging if configure makes a mistake.

It was created by htmllink configure 0.1, which was
generated by GNU Autoconf 2.59.  Invocation command line was

  $ ./configure 

## --------- ##
## Platform. ##
## --------- ##

hostname = MYPLACE
uname -m = i686
uname -r = 2.6.20-1.2933.fc6
uname -s = Linux
uname -v = #1 SMP Mon Mar 19 11:38:26 EDT 2007

/usr/bin/uname -p = unknown
/bin/uname -X     = unknown

/bin/arch              = i686
/usr/bin/arch -k       = unknown
/usr/convex/getsysinfo = unknown
hostinfo               = unknown
/bin/machine           = unknown
/usr/bin/oslevel       = unknown
/bin/universe          = unknown

PATH: /usr/lib/qt-3.3/bin
PATH: /usr/kerberos/bin
PATH: /usr/local/bin
PATH: /usr/bin
PATH: /bin
PATH: /usr/X11R6/bin
PATH: /share/shellscript/bin
PATH: /share/bin


## ----------- ##
## Core tests. ##
## ----------- ##

configure:1370: checking for a BSD-compatible install
configure:1425: result: /usr/bin/install -c
configure:1436: checking whether build environment is sane
configure:1479: result: yes
configure:1544: checking for gawk
configure:1560: found /usr/bin/gawk
configure:1570: result: gawk
configure:1580: checking whether make sets $(MAKE)
configure:1600: result: yes
configure:1813: checking for gcc
configure:1829: found /usr/bin/gcc
configure:1839: result: gcc
configure:2083: checking for C compiler version
configure:2086: gcc --version </dev/null >&5
gcc (GCC) 4.1.1 20070105 (Red Hat 4.1.1-51)
Copyright (C) 2006 Free Software Foundation, Inc.
This is free software; see the source for copying conditions.  There is NO
warranty; not even for MERCHANTABILITY or FITNESS FOR A PARTICULAR PURPOSE.

configure:2089: $? = 0
configure:2091: gcc -v </dev/null >&5
Using built-in specs.
Target: i386-redhat-linux
Configured with: ../configure --prefix=/usr --mandir=/usr/share/man --infodir=/usr/share/info --enable-shared --enable-threads=posix --enable-checking=release --with-system-zlib --enable-__cxa_atexit --disable-libunwind-exceptions --enable-libgcj-multifile --enable-languages=c,c++,objc,obj-c++,java,fortran,ada --enable-java-awt=gtk --disable-dssi --enable-plugin --with-java-home=/usr/lib/jvm/java-1.4.2-gcj-1.4.2.0/jre --with-cpu=generic --host=i386-redhat-linux
Thread model: posix
gcc version 4.1.1 20070105 (Red Hat 4.1.1-51)
configure:2094: $? = 0
configure:2096: gcc -V </dev/null >&5
gcc: '-V' option must have argument
configure:2099: $? = 1
configure:2122: checking for C compiler default output file name
configure:2125: gcc    conftest.c  >&5
configure:2128: $? = 0
configure:2174: result: a.out
configure:2179: checking whether the C compiler works
configure:2185: ./a.out
configure:2188: $? = 0
configure:2205: result: yes
configure:2212: checking whether we are cross compiling
configure:2214: result: no
configure:2217: checking for suffix of executables
configure:2219: gcc -o conftest    conftest.c  >&5
configure:2222: $? = 0
configure:2247: result: 
configure:2253: checking for suffix of object files
configure:2274: gcc -c   conftest.c >&5
configure:2277: $? = 0
configure:2299: result: o
configure:2303: checking whether we are using the GNU C compiler
configure:2327: gcc -c   conftest.c >&5
configure:2333: $? = 0
configure:2337: test -z 
			 || test ! -s conftest.err
configure:2340: $? = 0
configure:2343: test -s conftest.o
configure:2346: $? = 0
configure:2359: result: yes
configure:2365: checking whether gcc accepts -g
configure:2386: gcc -c -g  conftest.c >&5
configure:2392: $? = 0
configure:2396: test -z 
			 || test ! -s conftest.err
configure:2399: $? = 0
configure:2402: test -s conftest.o
configure:2405: $? = 0
configure:2416: result: yes
configure:2433: checking for gcc option to accept ANSI C
configure:2503: gcc  -c -g -O2  conftest.c >&5
configure:2509: $? = 0
configure:2513: test -z 
			 || test ! -s conftest.err
configure:2516: $? = 0
configure:2519: test -s conftest.o
configure:2522: $? = 0
configure:2540: result: none needed
configure:2558: gcc -c -g -O2  conftest.c >&5
conftest.c:2: error: expected '=', ',', ';', 'asm' or '__attribute__' before 'me'
configure:2564: $? = 1
configure: failed program was:
| #ifndef __cplusplus
|   choke me
| #endif
configure:2708: checking for style of include used by make
configure:2736: result: GNU
configure:2764: checking dependency style of gcc
configure:2854: result: gcc3
configure:2881: checking how to run the C preprocessor
configure:2916: gcc -E  conftest.c
configure:2922: $? = 0
configure:2954: gcc -E  conftest.c
conftest.c:12:28: error: ac_nonexistent.h: No such file or directory
configure:2960: $? = 1
configure: failed program was:
| /* confdefs.h.  */
| 
| #define PACKAGE_NAME "htmllink"
| #define PACKAGE_TARNAME "htmllink"
| #define PACKAGE_VERSION "0.1"
| #define PACKAGE_STRING "htmllink 0.1"
| #define PACKAGE_BUGREPORT "xiaoranzzz@gmail.com"
| #define AUTHOR "xrLin,xiaoranzzz@gmail.com"
| #define PACKAGE_BUILDDATE "Tue Mar 27 21:04:11 CST 2007"
| #define _GNU_SOURCE 1
| /* end confdefs.h.  */
| #include <ac_nonexistent.h>
configure:2999: result: gcc -E
configure:3023: gcc -E  conftest.c
configure:3029: $? = 0
configure:3061: gcc -E  conftest.c
conftest.c:12:28: error: ac_nonexistent.h: No such file or directory
configure:3067: $? = 1
configure: failed program was:
| /* confdefs.h.  */
| 
| #define PACKAGE_NAME "htmllink"
| #define PACKAGE_TARNAME "htmllink"
| #define PACKAGE_VERSION "0.1"
| #define PACKAGE_STRING "htmllink 0.1"
| #define PACKAGE_BUGREPORT "xiaoranzzz@gmail.com"
| #define AUTHOR "xrLin,xiaoranzzz@gmail.com"
| #define PACKAGE_BUILDDATE "Tue Mar 27 21:04:11 CST 2007"
| #define _GNU_SOURCE 1
| /* end confdefs.h.  */
| #include <ac_nonexistent.h>
configure:3111: checking for egrep
configure:3121: result: grep -E
configure:3126: checking for ANSI C header files
configure:3151: gcc -c -g -O2 -O2 -Wall  conftest.c >&5
configure:3157: $? = 0
configure:3161: test -z 
			 || test ! -s conftest.err
configure:3164: $? = 0
configure:3167: test -s conftest.o
configure:3170: $? = 0
configure:3259: gcc -o conftest -g -O2 -O2 -Wall   conftest.c  >&5
conftest.c: In function 'main':
conftest.c:29: warning: implicit declaration of function 'exit'
conftest.c:29: warning: incompatible implicit declaration of built-in function 'exit'
configure:3262: $? = 0
configure:3264: ./conftest
configure:3267: $? = 0
configure:3282: result: yes
configure:3307: checking for sys/types.h
configure:3323: gcc -c -g -O2 -O2 -Wall  conftest.c >&5
configure:3329: $? = 0
configure:3333: test -z 
			 || test ! -s conftest.err
configure:3336: $? = 0
configure:3339: test -s conftest.o
configure:3342: $? = 0
configure:3353: result: yes
configure:3307: checking for sys/stat.h
configure:3323: gcc -c -g -O2 -O2 -Wall  conftest.c >&5
configure:3329: $? = 0
configure:3333: test -z 
			 || test ! -s conftest.err
configure:3336: $? = 0
configure:3339: test -s conftest.o
configure:3342: $? = 0
configure:3353: result: yes
configure:3307: checking for stdlib.h
configure:3323: gcc -c -g -O2 -O2 -Wall  conftest.c >&5
configure:3329: $? = 0
configure:3333: test -z 
			 || test ! -s conftest.err
configure:3336: $? = 0
configure:3339: test -s conftest.o
configure:3342: $? = 0
configure:3353: result: yes
configure:3307: checking for string.h
configure:3323: gcc -c -g -O2 -O2 -Wall  conftest.c >&5
configure:3329: $? = 0
configure:3333: test -z 
			 || test ! -s conftest.err
configure:3336: $? = 0
configure:3339: test -s conftest.o
configure:3342: $? = 0
configure:3353: result: yes
configure:3307: checking for memory.h
configure:3323: gcc -c -g -O2 -O2 -Wall  conftest.c >&5
configure:3329: $? = 0
configure:3333: test -z 
			 || test ! -s conftest.err
configure:3336: $? = 0
configure:3339: test -s conftest.o
configure:3342: $? = 0
configure:3353: result: yes
configure:3307: checking for strings.h
configure:3323: gcc -c -g -O2 -O2 -Wall  conftest.c >&5
configure:3329: $? = 0
configure:3333: test -z 
			 || test ! -s conftest.err
configure:3336: $? = 0
configure:3339: test -s conftest.o
configure:3342: $? = 0
configure:3353: result: yes
configure:3307: checking for inttypes.h
configure:3323: gcc -c -g -O2 -O2 -Wall  conftest.c >&5
configure:3329: $? = 0
configure:3333: test -z 
			 || test ! -s conftest.err
configure:3336: $? = 0
configure:3339: test -s conftest.o
configure:3342: $? = 0
configure:3353: result: yes
configure:3307: checking for stdint.h
configure:3323: gcc -c -g -O2 -O2 -Wall  conftest.c >&5
configure:3329: $? = 0
configure:3333: test -z 
			 || test ! -s conftest.err
configure:3336: $? = 0
configure:3339: test -s conftest.o
configure:3342: $? = 0
configure:3353: result: yes
configure:3307: checking for unistd.h
configure:3323: gcc -c -g -O2 -O2 -Wall  conftest.c >&5
configure:3329: $? = 0
configure:3333: test -z 
			 || test ! -s conftest.err
configure:3336: $? = 0
configure:3339: test -s conftest.o
configure:3342: $? = 0
configure:3353: result: yes
configure:3380: checking malloc.h usability
configure:3392: gcc -c -g -O2 -O2 -Wall  conftest.c >&5
configure:3398: $? = 0
configure:3402: test -z 
			 || test ! -s conftest.err
configure:3405: $? = 0
configure:3408: test -s conftest.o
configure:3411: $? = 0
configure:3421: result: yes
configure:3425: checking malloc.h presence
configure:3435: gcc -E  conftest.c
configure:3441: $? = 0
configure:3461: result: yes
configure:3496: checking for malloc.h
configure:3503: result: yes
configure:3371: checking for string.h
configure:3376: result: yes
configure:3529: checking for strchr
configure:3586: gcc -o conftest -g -O2 -O2 -Wall   conftest.c  >&5
conftest.c:48: warning: conflicting types for built-in function 'strchr'
configure:3592: $? = 0
configure:3596: test -z 
			 || test ! -s conftest.err
configure:3599: $? = 0
configure:3602: test -s conftest
configure:3605: $? = 0
configure:3617: result: yes
configure:3529: checking for strdup
configure:3586: gcc -o conftest -g -O2 -O2 -Wall   conftest.c  >&5
conftest.c:49: warning: conflicting types for built-in function 'strdup'
configure:3592: $? = 0
configure:3596: test -z 
			 || test ! -s conftest.err
configure:3599: $? = 0
configure:3602: test -s conftest
configure:3605: $? = 0
configure:3617: result: yes
configure:3529: checking for strrchr
configure:3586: gcc -o conftest -g -O2 -O2 -Wall   conftest.c  >&5
conftest.c:50: warning: conflicting types for built-in function 'strrchr'
configure:3592: $? = 0
configure:3596: test -z 
			 || test ! -s conftest.err
configure:3599: $? = 0
configure:3602: test -s conftest
configure:3605: $? = 0
configure:3617: result: yes
configure:3739: creating ./config.status

## ---------------------- ##
## Running config.status. ##
## ---------------------- ##

This file was extended by htmllink config.status 0.1, which was
generated by GNU Autoconf 2.59.  Invocation command line was

  CONFIG_FILES    = 
  CONFIG_HEADERS  = 
  CONFIG_LINKS    = 
  CONFIG_COMMANDS = 
  $ ./config.status 

on MYPLACE

config.status:690: creating Makefile
config.status:690: creating src/Makefile
config.status:794: creating src/config.h
config.status:1092: executing depfiles commands

## ---------------- ##
## Cache variables. ##
## ---------------- ##

ac_cv_c_compiler_gnu=yes
ac_cv_env_CC_set=
ac_cv_env_CC_value=
ac_cv_env_CFLAGS_set=
ac_cv_env_CFLAGS_value=
ac_cv_env_CPPFLAGS_set=
ac_cv_env_CPPFLAGS_value=
ac_cv_env_CPP_set=
ac_cv_env_CPP_value=
ac_cv_env_LDFLAGS_set=
ac_cv_env_LDFLAGS_value=
ac_cv_env_build_alias_set=
ac_cv_env_build_alias_value=
ac_cv_env_host_alias_set=
ac_cv_env_host_alias_value=
ac_cv_env_target_alias_set=
ac_cv_env_target_alias_value=
ac_cv_exeext=
ac_cv_func_strchr=yes
ac_cv_func_strdup=yes
ac_cv_func_strrchr=yes
ac_cv_header_inttypes_h=yes
ac_cv_header_malloc_h=yes
ac_cv_header_memory_h=yes
ac_cv_header_stdc=yes
ac_cv_header_stdint_h=yes
ac_cv_header_stdlib_h=yes
ac_cv_header_string_h=yes
ac_cv_header_strings_h=yes
ac_cv_header_sys_stat_h=yes
ac_cv_header_sys_types_h=yes
ac_cv_header_unistd_h=yes
ac_cv_objext=o
ac_cv_path_install='/usr/bin/install -c'
ac_cv_prog_AWK=gawk
ac_cv_prog_CPP='gcc -E'
ac_cv_prog_ac_ct_CC=gcc
ac_cv_prog_cc_g=yes
ac_cv_prog_cc_stdc=
ac_cv_prog_egrep='grep -E'
ac_cv_prog_make_make_set=yes
am_cv_CC_dependencies_compiler_type=gcc3

## ----------------- ##
## Output variables. ##
## ----------------- ##

ACLOCAL='${SHELL} /share/workspace/c/html/bin/missing --run aclocal-1.9'
AMDEPBACKSLASH='\'
AMDEP_FALSE='#'
AMDEP_TRUE=''
AMTAR='${SHELL} /share/workspace/c/html/bin/missing --run tar'
AUTOCONF='${SHELL} /share/workspace/c/html/bin/missing --run autoconf'
AUTOHEADER='${SHELL} /share/workspace/c/html/bin/missing --run autoheader'
AUTOMAKE='${SHELL} /share/workspace/c/html/bin/missing --run automake-1.9'
AWK='gawk'
CC='gcc'
CCDEPMODE='depmode=gcc3'
CFLAGS='-g -O2 -O2 -Wall'
CPP='gcc -E'
CPPFLAGS=''
CYGPATH_W='echo'
DEFS='-DHAVE_CONFIG_H'
DEPDIR='.deps'
ECHO_C=''
ECHO_N='-n'
ECHO_T=''
EGREP='grep -E'
EXEEXT=''
INSTALL_DATA='${INSTALL} -m 644'
INSTALL_PROGRAM='${INSTALL}'
INSTALL_SCRIPT='${INSTALL}'
INSTALL_STRIP_PROGRAM='${SHELL} $(install_sh) -c -s'
LDFLAGS=''
LIBOBJS=''
LIBS=''
LTLIBOBJS=''
MAKEINFO='${SHELL} /share/workspace/c/html/bin/missing --run makeinfo'
OBJEXT='o'
PACKAGE='htmllink'
PACKAGE_BUGREPORT='xiaoranzzz@gmail.com'
PACKAGE_NAME='htmllink'
PACKAGE_STRING='htmllink 0.1'
PACKAGE_TARNAME='htmllink'
PACKAGE_VERSION='0.1'
PATH_SEPARATOR=':'
SET_MAKE=''
SHELL='/bin/sh'
STRIP=''
VERSION='0.1'
ac_ct_CC='gcc'
ac_ct_STRIP=''
am__fastdepCC_FALSE='#'
am__fastdepCC_TRUE=''
am__include='include'
am__leading_dot='.'
am__quote=''
am__tar='${AMTAR} chof - "$$tardir"'
am__untar='${AMTAR} xf -'
bindir='${exec_prefix}/bin'
build_alias=''
datadir='${prefix}/share'
exec_prefix='${prefix}'
host_alias=''
includedir='${prefix}/include'
infodir='${prefix}/info'
install_sh='/share/workspace/c/html/bin/install-sh'
libdir='${exec_prefix}/lib'
libexecdir='${exec_prefix}/libexec'
localstatedir='${prefix}/var'
mandir='${prefix}/man'
mkdir_p='mkdir -p --'
oldincludedir='/usr/include'
prefix='/usr'
program_transform_name='s,x,x,'
sbindir='${exec_prefix}/sbin'
sharedstatedir='${prefix}/com'
sysconfdir='${prefix}/etc'
target_alias=''

## ----------- ##
## confdefs.h. ##
## ----------- ##

#define AUTHOR "xrLin,xiaoranzzz@gmail.com"
#define HAVE_INTTYPES_H 1
#define HAVE_MALLOC_H 1
#define HAVE_MEMORY_H 1
#define HAVE_STDINT_H 1
#define HAVE_STDLIB_H 1
#define HAVE_STRCHR 1
#define HAVE_STRDUP 1
#define HAVE_STRINGS_H 1
#define HAVE_STRING_H 1
#define HAVE_STRING_H 1
#define HAVE_STRRCHR 1
#define HAVE_SYS_STAT_H 1
#define HAVE_SYS_TYPES_H 1
#define HAVE_UNISTD_H 1
#define PACKAGE_BUGREPORT "xiaoranzzz@gmail.com"
#define PACKAGE_BUILDDATE "Tue Mar 27 21:04:11 CST 2007"
#define PACKAGE_NAME "htmllink"
#define PACKAGE_STRING "htmllink 0.1"
#define PACKAGE_TARNAME "htmllink"
#define PACKAGE_VERSION "0.1"
#define STDC_HEADERS 1
#define _GNU_SOURCE 1

configure: exit 0
